[debug] [2026-03-10T11:37:48.958Z] ----------------------------------------------------------------------
[debug] [2026-03-10T11:37:48.960Z] Command:       C:\Program Files\nodejs\node.exe C:\Users\josep\AppData\Roaming\npm\node_modules\firebase-tools\lib\bin\firebase.js deploy
[debug] [2026-03-10T11:37:48.961Z] CLI Version:   15.9.0
[debug] [2026-03-10T11:37:48.961Z] Platform:      win32
[debug] [2026-03-10T11:37:48.961Z] Node Version:  v22.20.0
[debug] [2026-03-10T11:37:48.961Z] Time:          Tue Mar 10 2026 13:37:48 GMT+0200 (South Africa Standard Time)
[debug] [2026-03-10T11:37:48.962Z] ----------------------------------------------------------------------
[debug] 
[debug] [2026-03-10T11:37:52.160Z] > command requires scopes: ["email","openid","https://www.googleapis.com/auth/cloudplatformprojects.readonly","https://www.googleapis.com/auth/firebase","https://www.googleapis.com/auth/cloud-platform"]
[debug] [2026-03-10T11:37:52.160Z] > authorizing via signed-in user (josefmarie123@gmail.com)
[debug] [2026-03-10T11:37:52.161Z] [iam] checking project ajm-digital-solution for permissions ["datastore.indexes.create","datastore.indexes.delete","datastore.indexes.list","datastore.indexes.update","firebase.projects.get","firebasehosting.sites.update"]
[debug] [2026-03-10T11:37:52.162Z] Checked if tokens are valid: true, expires at: 1773145664700
[debug] [2026-03-10T11:37:52.162Z] Checked if tokens are valid: true, expires at: 1773145664700
[debug] [2026-03-10T11:37:52.163Z] >>> [apiv2][query] POST https://cloudresourcemanager.googleapis.com/v1/projects/ajm-digital-solution:testIamPermissions [none]
[debug] [2026-03-10T11:37:52.163Z] >>> [apiv2][(partial)header] POST https://cloudresourcemanager.googleapis.com/v1/projects/ajm-digital-solution:testIamPermissions  x-goog-user-project=ajm-digital-solution
[debug] [2026-03-10T11:37:52.163Z] >>> [apiv2][body] POST https://cloudresourcemanager.googleapis.com/v1/projects/ajm-digital-solution:testIamPermissions {"permissions":["datastore.indexes.create","datastore.indexes.delete","datastore.indexes.list","datastore.indexes.update","firebase.projects.get","firebasehosting.sites.update"]}
[debug] [2026-03-10T11:37:54.350Z] <<< [apiv2][status] POST https://cloudresourcemanager.googleapis.com/v1/projects/ajm-digital-solution:testIamPermissions 200
[debug] [2026-03-10T11:37:54.350Z] <<< [apiv2][body] POST https://cloudresourcemanager.googleapis.com/v1/projects/ajm-digital-solution:testIamPermissions {"permissions":["datastore.indexes.create","datastore.indexes.delete","datastore.indexes.list","datastore.indexes.update","firebase.projects.get","firebasehosting.sites.update"]}
[debug] [2026-03-10T11:37:54.351Z] Checked if tokens are valid: true, expires at: 1773145664700
[debug] [2026-03-10T11:37:54.351Z] Checked if tokens are valid: true, expires at: 1773145664700
[debug] [2026-03-10T11:37:54.352Z] >>> [apiv2][query] GET https://firebase.googleapis.com/v1beta1/projects/ajm-digital-solution [none]
[debug] [2026-03-10T11:37:57.299Z] <<< [apiv2][status] GET https://firebase.googleapis.com/v1beta1/projects/ajm-digital-solution 200
[debug] [2026-03-10T11:37:57.300Z] <<< [apiv2][body] GET https://firebase.googleapis.com/v1beta1/projects/ajm-digital-solution {"projectId":"ajm-digital-solution","projectNumber":"683886653976","displayName":"AJM-Digital-Solution","name":"projects/ajm-digital-solution","resources":{"hostingSite":"ajm-digital-solution"},"state":"ACTIVE","etag":"1_3f25c5e4-0b1f-4207-9e35-916070ae96f9"}
[info] 
[info] === Deploying to 'ajm-digital-solution'...
[info] 
[info] i  deploying firestore, hosting 
[info] i  firestore: ensuring required API firestore.googleapis.com is enabled... 
[info] i  firestore: ensuring required API firestore.googleapis.com is enabled... 
[debug] [2026-03-10T11:37:57.313Z] Checked if tokens are valid: true, expires at: 1773145664700
[debug] [2026-03-10T11:37:57.313Z] Checked if tokens are valid: true, expires at: 1773145664700
[debug] [2026-03-10T11:37:57.313Z] >>> [apiv2][query] GET https://firestore.googleapis.com/v1/projects/ajm-digital-solution/databases/(default) [none]
[debug] [2026-03-10T11:37:59.381Z] <<< [apiv2][status] GET https://firestore.googleapis.com/v1/projects/ajm-digital-solution/databases/(default) 200
[debug] [2026-03-10T11:37:59.381Z] <<< [apiv2][body] GET https://firestore.googleapis.com/v1/projects/ajm-digital-solution/databases/(default) {"name":"projects/ajm-digital-solution/databases/(default)","uid":"a34c0396-24f6-4864-8b48-1566c68445a5","createTime":"2026-02-10T08:10:41.144837Z","updateTime":"2026-02-10T08:10:41.144837Z","locationId":"nam5","type":"FIRESTORE_NATIVE","concurrencyMode":"PESSIMISTIC","versionRetentionPeriod":"3600s","earliestVersionTime":"2026-03-10T10:37:58.966123Z","appEngineIntegrationMode":"DISABLED","keyPrefix":"s","pointInTimeRecoveryEnablement":"POINT_IN_TIME_RECOVERY_DISABLED","deleteProtectionState":"DELETE_PROTECTION_DISABLED","databaseEdition":"STANDARD","freeTier":true,"realtimeUpdatesMode":"REALTIME_UPDATES_MODE_ENABLED","etag":"IJ+ZkJyflZMDMLfr7Mqw5pID"}
[info] i  cloud.firestore: checking firestore.rules for compilation errors... 
[debug] [2026-03-10T11:37:59.385Z] Checked if tokens are valid: true, expires at: 1773145664700
[debug] [2026-03-10T11:37:59.385Z] Checked if tokens are valid: true, expires at: 1773145664700
[debug] [2026-03-10T11:37:59.385Z] >>> [apiv2][query] POST https://firebaserules.googleapis.com/v1/projects/ajm-digital-solution:test [none]
[debug] [2026-03-10T11:37:59.385Z] >>> [apiv2][body] POST https://firebaserules.googleapis.com/v1/projects/ajm-digital-solution:test [omitted]
[debug] [2026-03-10T11:38:00.545Z] <<< [apiv2][status] POST https://firebaserules.googleapis.com/v1/projects/ajm-digital-solution:test 200
[debug] [2026-03-10T11:38:00.545Z] <<< [apiv2][body] POST https://firebaserules.googleapis.com/v1/projects/ajm-digital-solution:test {}
[info] +  cloud.firestore: rules file firestore.rules compiled successfully 
[debug] [2026-03-10T11:38:00.557Z] Checked if tokens are valid: true, expires at: 1773145664700
[debug] [2026-03-10T11:38:00.557Z] Checked if tokens are valid: true, expires at: 1773145664700
[debug] [2026-03-10T11:38:00.557Z] >>> [apiv2][query] POST https://firebasehosting.googleapis.com/v1beta1/projects/-/sites/ajm-digital-solution/versions [none]
[debug] [2026-03-10T11:38:00.557Z] >>> [apiv2][body] POST https://firebasehosting.googleapis.com/v1beta1/projects/-/sites/ajm-digital-solution/versions {"status":"CREATED","labels":{"deployment-tool":"cli-firebase"}}
[debug] [2026-03-10T11:38:03.627Z] <<< [apiv2][status] POST https://firebasehosting.googleapis.com/v1beta1/projects/-/sites/ajm-digital-solution/versions 200
[debug] [2026-03-10T11:38:03.627Z] <<< [apiv2][body] POST https://firebasehosting.googleapis.com/v1beta1/projects/-/sites/ajm-digital-solution/versions {"name":"projects/683886653976/sites/ajm-digital-solution/versions/c6aecbaeaf64b8d2","status":"CREATED","config":{},"labels":{"deployment-tool":"cli-firebase"}}
[debug] [2026-03-10T11:38:03.629Z] Checked if tokens are valid: true, expires at: 1773145664700
[debug] [2026-03-10T11:38:03.630Z] Checked if tokens are valid: true, expires at: 1773145664700
[debug] [2026-03-10T11:38:03.630Z] >>> [apiv2][query] GET https://firebaserules.googleapis.com/v1/projects/ajm-digital-solution/releases pageSize=10&pageToken=
[debug] [2026-03-10T11:38:05.067Z] <<< [apiv2][status] GET https://firebaserules.googleapis.com/v1/projects/ajm-digital-solution/releases 200
[debug] [2026-03-10T11:38:05.068Z] <<< [apiv2][body] GET https://firebaserules.googleapis.com/v1/projects/ajm-digital-solution/releases {"releases":[{"name":"projects/ajm-digital-solution/releases/cloud.firestore","rulesetName":"projects/ajm-digital-solution/rulesets/09e8a582-64a2-4bd4-aeaf-822f9a74d7c9","createTime":"2026-02-10T08:10:45.435009Z","updateTime":"2026-03-10T11:34:48.898419Z"},{"name":"projects/ajm-digital-solution/releases/firebase.storage/ajm-digital-solution.firebasestorage.app","rulesetName":"projects/ajm-digital-solution/rulesets/a96b5ae7-bc5e-4b93-885c-84592eefb213","createTime":"2026-02-10T09:27:29.653397Z","updateTime":"2026-02-10T09:27:29.653397Z"}]}
[debug] [2026-03-10T11:38:05.151Z] Checked if tokens are valid: true, expires at: 1773145664700
[debug] [2026-03-10T11:38:05.151Z] Checked if tokens are valid: true, expires at: 1773145664700
[debug] [2026-03-10T11:38:05.151Z] >>> [apiv2][query] GET https://firebaserules.googleapis.com/v1/projects/ajm-digital-solution/rulesets/09e8a582-64a2-4bd4-aeaf-822f9a74d7c9 [none]
[debug] [2026-03-10T11:38:05.577Z] <<< [apiv2][status] GET https://firebaserules.googleapis.com/v1/projects/ajm-digital-solution/rulesets/09e8a582-64a2-4bd4-aeaf-822f9a74d7c9 200
[debug] [2026-03-10T11:38:05.577Z] <<< [apiv2][body] GET https://firebaserules.googleapis.com/v1/projects/ajm-digital-solution/rulesets/09e8a582-64a2-4bd4-aeaf-822f9a74d7c9 [omitted]
[info] i  firestore: latest version of firestore.rules already up to date, skipping upload... 
[info] i  firestore: deploying indexes... 
[info] i  hosting[ajm-digital-solution]: beginning deploy... 
[info] i  hosting[ajm-digital-solution]: found 42 files in out 
[debug] [2026-03-10T11:38:05.633Z] [hosting] uploading with 200 concurrency
[debug] [2026-03-10T11:38:05.739Z] Checked if tokens are valid: true, expires at: 1773145664700
[debug] [2026-03-10T11:38:05.739Z] Checked if tokens are valid: true, expires at: 1773145664700
[debug] [2026-03-10T11:38:05.741Z] [hosting] hash cache [b3V0] stored for 42 files
[debug] [2026-03-10T11:38:05.741Z] [hosting][hash queue][FINAL] {"max":87,"min":59,"avg":65.78571428571429,"active":0,"complete":42,"success":42,"errored":0,"retried":0,"total":42,"elapsed":102}
[debug] [2026-03-10T11:38:05.742Z] >>> [apiv2][query] POST https://firebasehosting.googleapis.com/v1beta1/projects/683886653976/sites/ajm-digital-solution/versions/c6aecbaeaf64b8d2:populateFiles [none]
[debug] [2026-03-10T11:38:05.742Z] >>> [apiv2][body] POST https://firebasehosting.googleapis.com/v1beta1/projects/683886653976/sites/ajm-digital-solution/versions/c6aecbaeaf64b8d2:populateFiles {"files":{"/index.txt":"d39fb578467ab20642b923900666d3025e82f7278cbf31a3b5280e49458a2740","/404.html":"1126e1f519d80baec91bbac35478b18f23847d9f83a584d8c872b1ad85a7ad61","/_next/static/chunks/webpack-03f7c6bc932ce1e3.js":"bfe23019af0e36313a2709c49ab3de218be16f3861c3f1d15d7ad727e3a49fe2","/_next/static/chunks/main-app-a97dd9ccb8b9b995.js":"ba2d9815897efdf0f79284bbeb33dd5e4f1886745bdbef090963f471addff8de","/index.html":"157d8ea72780e479b891b0591e57cbc2dbfc0c5bbdaccb5a30e83c3277314826","/_next/static/css/9ce345dc224c4a1d.css":"569000e9df438b9faca2b38813604cbd330fd792c63cf9e6ca18e4ab287ea767","/_next/static/chunks/pages/_app-72b849fbd24ac258.js":"70f6b2605c3ef9a5904ae691f9e588694f57a58e736945e9aecb6e6367333b6f","/_next/static/chunks/648-e1f03774953d841a.js":"0a1b01dd91db087fd33a19826f12b2743d381c471c64e4aff61f63efa84568f1","/_next/static/chunks/app/page-4904414ebe72f300.js":"4c5b6c76ef4e5383851156b119603f14a63ea7b7adda4b561cad4786b7186700","/_next/static/chunks/pages/_error-7ba65e1336b92748.js":"09b35fbc854afaf76c1b75a5b3272bf936d957493d106176ade3af1047ea394e","/_next/static/chunks/app/layout-af1508025c662918.js":"d91cc798742c887f44b163c6999b9f35d89dc862aa23a7e6304dbf034345e3b7","/_next/static/chunks/app/_not-found/page-fe9fc664026166c6.js":"352fa281f9b211b95548da735d6062efd1761d2d3a4be18e58a64174d0c283fe","/_next/static/chunks/app/admin/page-1c9c2a9b6223906e.js":"8c51c955d1800a7b2538855a7d2a9ffb454ea7eaac63ee1529660778970b2949","/_next/static/chunks/app/login/page-3b037e5b449cdd0a.js":"c54f6d2a01d61a486128319f0f0a29c91c7e78b62c444b5ae782da61389e1d2f","/_next/static/chunks/app/admin/layout-130ef3e4027fd3fe.js":"b0b4518d09a8941e28589971724ccc9cf9607dc0fc43fe13f781009cddcdc221","/_next/static/chunks/app/admin/projects/page-a97251adead44bc9.js":"4f31ba33e25eb844b808ca6dd0069977cef681cf4aab5113872265ca9ff77dd3","/_next/static/chunks/app/admin/settings/page-f2f0edcc2500edf5.js":"446c335f3d898b73ecdc766387b688bd5d23549e40f78c14fe39620c80be0b58","/_next/static/ACKBF-2BrPvf9Sl3HlG1Z/_buildManifest.js":"b7b50b96854bcbc40ab6e8bf51e9f11625752bd8ac7aed0bd0353f441f2b3134","/login/index.txt":"c31919e7a871497242a776d957a6b778327e5f122273166df8dad9587757621d","/_next/static/chunks/app/admin/messages/page-df36f1203ae0d16f.js":"fbcaa332df3a45531ca13dd7ec42271d486f0af8d08714fbbc0956a1393163e8","/login/index.html":"71499858458c0c3327325e7e35616b1695bcbd576a3c68b2913fb3bca6df7236","/admin/index.txt":"7f4e09d69be29d296a6f5e4f94013539e4713ddc6bd9f642cdaa2d2db6ffa5cc","/_next/static/ACKBF-2BrPvf9Sl3HlG1Z/_ssgManifest.js":"dc28a4dc92fe352ed5d2201bd3972ce47691bc8e89e0400a68d1541d0567c6d5","/admin/settings/index.txt":"16a49dabe0b9afbb372a140f73ded0afad58656622fdc1292726075312636316","/admin/index.html":"dd5b86d681787a1b93bc27eedd9109b0d0789f78866d7148768936c1988000b3","/_next/static/chunks/app/admin/resume/page-29e634ac64d656f4.js":"62924ef16f4c3145bf56d34f97dd41b98a7547413d33ac7d8cc3bfd3bd596f47","/admin/settings/index.html":"0aaf5505d688ae21328735334651d22ded1d39ac9b44c1feae4dd4901b148d3a","/admin/resume/index.txt":"c6b3f42532d85fe2de0151a8acdf47aa0389cc07c71d30a0eb2e53ef4e5410cb","/admin/messages/index.html":"f4b7c5bd60a95608b7a93b778822edef0a603f969f1ac9b8fd3299ed8ddec4cc","/admin/projects/index.txt":"974a87813edab226f43ee55ed8d3da5fbb4095100c1c5f6c562b7279a4d93778","/admin/resume/index.html":"6e0d0c5b1623f3aff0ef567adafb476d4cb9394ecae0471c1baf01d68ff6e8e1","/admin/messages/index.txt":"eaf6d317472f1853177694b5cc5a4edea749e8b3f6ae7c22ca58f047a8e3dac4","/admin/projects/index.html":"a946dfe79c7c76e7c976dbcddaec61839dfd91d8d64010a994898bbce593d808","/404/index.html":"1126e1f519d80baec91bbac35478b18f23847d9f83a584d8c872b1ad85a7ad61","/_next/static/chunks/69806262-4388c144e18e340a.js":"71ce094e9707155ffb514fc1f736227aa06ea6f8d00f1968403ac28a7bb1a38d","/_next/static/chunks/polyfills-42372ed130431b0a.js":"18e28d3214eda45048d80d3925ea7627b809e69ad2e95f7f98459e9146a61c3d","/_next/static/chunks/main-cc22d2e7cfaab360.js":"c7bf47fda511653ba132bdbea386d6a583e39588f024ce80250bdbee26f0500a","/_next/static/chunks/943-a9c96b86da170f84.js":"adeda413be99a83c9241facf25ff34c0ecce2b831fdee1c3f15273f1dec2a800","/_next/static/chunks/117-4ae6a58d67e58383.js":"ef0233df8fbd62cb75c0929966455a60a251236b0ff65dff1c7084de3bb9b318","/_next/static/chunks/framework-f66176bb897dc684.js":"e3602f0208d127fb2a8eaf2c69fe8354025257feee8137cd0d6ff8307d228dca","/_next/static/chunks/fd9d1056-10dfaec9b4318f4c.js":"080cf476a9e293eef13f2f7c86fd42cd8b401b9e2a2aaa7baf5af2d925db31cb","/_next/static/chunks/bc9e92e6-6ee770fc60a978b4.js":"4a933aba7aa3dc6b773b71d1fb0655a320c1e1da253f2522f2cc783493ca9ab8"}}
[debug] [2026-03-10T11:38:07.291Z] <<< [apiv2][status] POST https://firebasehosting.googleapis.com/v1beta1/projects/683886653976/sites/ajm-digital-solution/versions/c6aecbaeaf64b8d2:populateFiles 200
[debug] [2026-03-10T11:38:07.292Z] <<< [apiv2][body] POST https://firebasehosting.googleapis.com/v1beta1/projects/683886653976/sites/ajm-digital-solution/versions/c6aecbaeaf64b8d2:populateFiles {"uploadRequiredHashes":["d39fb578467ab20642b923900666d3025e82f7278cbf31a3b5280e49458a2740","7f4e09d69be29d296a6f5e4f94013539e4713ddc6bd9f642cdaa2d2db6ffa5cc","eaf6d317472f1853177694b5cc5a4edea749e8b3f6ae7c22ca58f047a8e3dac4","1126e1f519d80baec91bbac35478b18f23847d9f83a584d8c872b1ad85a7ad61","dd5b86d681787a1b93bc27eedd9109b0d0789f78866d7148768936c1988000b3","0aaf5505d688ae21328735334651d22ded1d39ac9b44c1feae4dd4901b148d3a","f4b7c5bd60a95608b7a93b778822edef0a603f969f1ac9b8fd3299ed8ddec4cc","c6b3f42532d85fe2de0151a8acdf47aa0389cc07c71d30a0eb2e53ef4e5410cb","71499858458c0c3327325e7e35616b1695bcbd576a3c68b2913fb3bca6df7236","c31919e7a871497242a776d957a6b778327e5f122273166df8dad9587757621d","a946dfe79c7c76e7c976dbcddaec61839dfd91d8d64010a994898bbce593d808","16a49dabe0b9afbb372a140f73ded0afad58656622fdc1292726075312636316","157d8ea72780e479b891b0591e57cbc2dbfc0c5bbdaccb5a30e83c3277314826","974a87813edab226f43ee55ed8d3da5fbb4095100c1c5f6c562b7279a4d93778","6e0d0c5b1623f3aff0ef567adafb476d4cb9394ecae0471c1baf01d68ff6e8e1"],"uploadUrl":"https://upload-firebasehosting.googleapis.com/upload/sites/ajm-digital-solution/versions/c6aecbaeaf64b8d2/files"}
[debug] [2026-03-10T11:38:07.293Z] Checked if tokens are valid: true, expires at: 1773145664700
[debug] [2026-03-10T11:38:07.293Z] Checked if tokens are valid: true, expires at: 1773145664700
[debug] [2026-03-10T11:38:07.294Z] Checked if tokens are valid: true, expires at: 1773145664700
[debug] [2026-03-10T11:38:07.294Z] Checked if tokens are valid: true, expires at: 1773145664700
[debug] [2026-03-10T11:38:07.294Z] Checked if tokens are valid: true, expires at: 1773145664700
[debug] [2026-03-10T11:38:07.294Z] Checked if tokens are valid: true, expires at: 1773145664700
[debug] [2026-03-10T11:38:07.294Z] Checked if tokens are valid: true, expires at: 1773145664700
[debug] [2026-03-10T11:38:07.295Z] Checked if tokens are valid: true, expires at: 1773145664700
[debug] [2026-03-10T11:38:07.295Z] Checked if tokens are valid: true, expires at: 1773145664700
[debug] [2026-03-10T11:38:07.295Z] Checked if tokens are valid: true, expires at: 1773145664700
[debug] [2026-03-10T11:38:07.295Z] Checked if tokens are valid: true, expires at: 1773145664700
[debug] [2026-03-10T11:38:07.295Z] Checked if tokens are valid: true, expires at: 1773145664700
[debug] [2026-03-10T11:38:07.296Z] Checked if tokens are valid: true, expires at: 1773145664700
[debug] [2026-03-10T11:38:07.296Z] Checked if tokens are valid: true, expires at: 1773145664700
[debug] [2026-03-10T11:38:07.296Z] Checked if tokens are valid: true, expires at: 1773145664700
[debug] [2026-03-10T11:38:07.296Z] Checked if tokens are valid: true, expires at: 1773145664700
[debug] [2026-03-10T11:38:07.297Z] Checked if tokens are valid: true, expires at: 1773145664700
[debug] [2026-03-10T11:38:07.297Z] Checked if tokens are valid: true, expires at: 1773145664700
[debug] [2026-03-10T11:38:07.297Z] Checked if tokens are valid: true, expires at: 1773145664700
[debug] [2026-03-10T11:38:07.297Z] Checked if tokens are valid: true, expires at: 1773145664700
[debug] [2026-03-10T11:38:07.298Z] Checked if tokens are valid: true, expires at: 1773145664700
[debug] [2026-03-10T11:38:07.298Z] Checked if tokens are valid: true, expires at: 1773145664700
[debug] [2026-03-10T11:38:07.298Z] Checked if tokens are valid: true, expires at: 1773145664700
[debug] [2026-03-10T11:38:07.299Z] Checked if tokens are valid: true, expires at: 1773145664700
[debug] [2026-03-10T11:38:07.299Z] Checked if tokens are valid: true, expires at: 1773145664700
[debug] [2026-03-10T11:38:07.299Z] Checked if tokens are valid: true, expires at: 1773145664700
[debug] [2026-03-10T11:38:07.299Z] Checked if tokens are valid: true, expires at: 1773145664700
[debug] [2026-03-10T11:38:07.299Z] Checked if tokens are valid: true, expires at: 1773145664700
[debug] [2026-03-10T11:38:07.300Z] Checked if tokens are valid: true, expires at: 1773145664700
[debug] [2026-03-10T11:38:07.300Z] Checked if tokens are valid: true, expires at: 1773145664700
[debug] [2026-03-10T11:38:07.300Z] >>> [apiv2][query] POST https://upload-firebasehosting.googleapis.com/upload/sites/ajm-digital-solution/versions/c6aecbaeaf64b8d2/files/d39fb578467ab20642b923900666d3025e82f7278cbf31a3b5280e49458a2740 [none]
[debug] [2026-03-10T11:38:07.301Z] >>> [apiv2][body] POST https://upload-firebasehosting.googleapis.com/upload/sites/ajm-digital-solution/versions/c6aecbaeaf64b8d2/files/d39fb578467ab20642b923900666d3025e82f7278cbf31a3b5280e49458a2740 [stream]
[debug] [2026-03-10T11:38:07.304Z] >>> [apiv2][query] POST https://upload-firebasehosting.googleapis.com/upload/sites/ajm-digital-solution/versions/c6aecbaeaf64b8d2/files/7f4e09d69be29d296a6f5e4f94013539e4713ddc6bd9f642cdaa2d2db6ffa5cc [none]
[debug] [2026-03-10T11:38:07.304Z] >>> [apiv2][body] POST https://upload-firebasehosting.googleapis.com/upload/sites/ajm-digital-solution/versions/c6aecbaeaf64b8d2/files/7f4e09d69be29d296a6f5e4f94013539e4713ddc6bd9f642cdaa2d2db6ffa5cc [stream]
[debug] [2026-03-10T11:38:07.306Z] >>> [apiv2][query] POST https://upload-firebasehosting.googleapis.com/upload/sites/ajm-digital-solution/versions/c6aecbaeaf64b8d2/files/eaf6d317472f1853177694b5cc5a4edea749e8b3f6ae7c22ca58f047a8e3dac4 [none]
[debug] [2026-03-10T11:38:07.306Z] >>> [apiv2][body] POST https://upload-firebasehosting.googleapis.com/upload/sites/ajm-digital-solution/versions/c6aecbaeaf64b8d2/files/eaf6d317472f1853177694b5cc5a4edea749e8b3f6ae7c22ca58f047a8e3dac4 [stream]
[debug] [2026-03-10T11:38:07.309Z] >>> [apiv2][query] POST https://upload-firebasehosting.googleapis.com/upload/sites/ajm-digital-solution/versions/c6aecbaeaf64b8d2/files/1126e1f519d80baec91bbac35478b18f23847d9f83a584d8c872b1ad85a7ad61 [none]
[debug] [2026-03-10T11:38:07.310Z] >>> [apiv2][body] POST https://upload-firebasehosting.googleapis.com/upload/sites/ajm-digital-solution/versions/c6aecbaeaf64b8d2/files/1126e1f519d80baec91bbac35478b18f23847d9f83a584d8c872b1ad85a7ad61 [stream]
[debug] [2026-03-10T11:38:07.311Z] >>> [apiv2][query] POST https://upload-firebasehosting.googleapis.com/upload/sites/ajm-digital-solution/versions/c6aecbaeaf64b8d2/files/dd5b86d681787a1b93bc27eedd9109b0d0789f78866d7148768936c1988000b3 [none]
[debug] [2026-03-10T11:38:07.312Z] >>> [apiv2][body] POST https://upload-firebasehosting.googleapis.com/upload/sites/ajm-digital-solution/versions/c6aecbaeaf64b8d2/files/dd5b86d681787a1b93bc27eedd9109b0d0789f78866d7148768936c1988000b3 [stream]
[debug] [2026-03-10T11:38:07.314Z] >>> [apiv2][query] POST https://upload-firebasehosting.googleapis.com/upload/sites/ajm-digital-solution/versions/c6aecbaeaf64b8d2/files/0aaf5505d688ae21328735334651d22ded1d39ac9b44c1feae4dd4901b148d3a [none]
[debug] [2026-03-10T11:38:07.314Z] >>> [apiv2][body] POST https://upload-firebasehosting.googleapis.com/upload/sites/ajm-digital-solution/versions/c6aecbaeaf64b8d2/files/0aaf5505d688ae21328735334651d22ded1d39ac9b44c1feae4dd4901b148d3a [stream]
[debug] [2026-03-10T11:38:07.318Z] >>> [apiv2][query] POST https://upload-firebasehosting.googleapis.com/upload/sites/ajm-digital-solution/versions/c6aecbaeaf64b8d2/files/f4b7c5bd60a95608b7a93b778822edef0a603f969f1ac9b8fd3299ed8ddec4cc [none]
[debug] [2026-03-10T11:38:07.318Z] >>> [apiv2][body] POST https://upload-firebasehosting.googleapis.com/upload/sites/ajm-digital-solution/versions/c6aecbaeaf64b8d2/files/f4b7c5bd60a95608b7a93b778822edef0a603f969f1ac9b8fd3299ed8ddec4cc [stream]
[debug] [2026-03-10T11:38:07.320Z] >>> [apiv2][query] POST https://upload-firebasehosting.googleapis.com/upload/sites/ajm-digital-solution/versions/c6aecbaeaf64b8d2/files/c6b3f42532d85fe2de0151a8acdf47aa0389cc07c71d30a0eb2e53ef4e5410cb [none]
[debug] [2026-03-10T11:38:07.321Z] >>> [apiv2][body] POST https://upload-firebasehosting.googleapis.com/upload/sites/ajm-digital-solution/versions/c6aecbaeaf64b8d2/files/c6b3f42532d85fe2de0151a8acdf47aa0389cc07c71d30a0eb2e53ef4e5410cb [stream]
[debug] [2026-03-10T11:38:07.323Z] >>> [apiv2][query] POST https://upload-firebasehosting.googleapis.com/upload/sites/ajm-digital-solution/versions/c6aecbaeaf64b8d2/files/71499858458c0c3327325e7e35616b1695bcbd576a3c68b2913fb3bca6df7236 [none]
[debug] [2026-03-10T11:38:07.323Z] >>> [apiv2][body] POST https://upload-firebasehosting.googleapis.com/upload/sites/ajm-digital-solution/versions/c6aecbaeaf64b8d2/files/71499858458c0c3327325e7e35616b1695bcbd576a3c68b2913fb3bca6df7236 [stream]
[debug] [2026-03-10T11:38:07.327Z] >>> [apiv2][query] POST https://upload-firebasehosting.googleapis.com/upload/sites/ajm-digital-solution/versions/c6aecbaeaf64b8d2/files/c31919e7a871497242a776d957a6b778327e5f122273166df8dad9587757621d [none]
[debug] [2026-03-10T11:38:07.327Z] >>> [apiv2][body] POST https://upload-firebasehosting.googleapis.com/upload/sites/ajm-digital-solution/versions/c6aecbaeaf64b8d2/files/c31919e7a871497242a776d957a6b778327e5f122273166df8dad9587757621d [stream]
[debug] [2026-03-10T11:38:07.330Z] >>> [apiv2][query] POST https://upload-firebasehosting.googleapis.com/upload/sites/ajm-digital-solution/versions/c6aecbaeaf64b8d2/files/a946dfe79c7c76e7c976dbcddaec61839dfd91d8d64010a994898bbce593d808 [none]
[debug] [2026-03-10T11:38:07.330Z] >>> [apiv2][body] POST https://upload-firebasehosting.googleapis.com/upload/sites/ajm-digital-solution/versions/c6aecbaeaf64b8d2/files/a946dfe79c7c76e7c976dbcddaec61839dfd91d8d64010a994898bbce593d808 [stream]
[debug] [2026-03-10T11:38:07.333Z] >>> [apiv2][query] POST https://upload-firebasehosting.googleapis.com/upload/sites/ajm-digital-solution/versions/c6aecbaeaf64b8d2/files/16a49dabe0b9afbb372a140f73ded0afad58656622fdc1292726075312636316 [none]
[debug] [2026-03-10T11:38:07.333Z] >>> [apiv2][body] POST https://upload-firebasehosting.googleapis.com/upload/sites/ajm-digital-solution/versions/c6aecbaeaf64b8d2/files/16a49dabe0b9afbb372a140f73ded0afad58656622fdc1292726075312636316 [stream]
[debug] [2026-03-10T11:38:07.337Z] >>> [apiv2][query] POST https://upload-firebasehosting.googleapis.com/upload/sites/ajm-digital-solution/versions/c6aecbaeaf64b8d2/files/157d8ea72780e479b891b0591e57cbc2dbfc0c5bbdaccb5a30e83c3277314826 [none]
[debug] [2026-03-10T11:38:07.337Z] >>> [apiv2][body] POST https://upload-firebasehosting.googleapis.com/upload/sites/ajm-digital-solution/versions/c6aecbaeaf64b8d2/files/157d8ea72780e479b891b0591e57cbc2dbfc0c5bbdaccb5a30e83c3277314826 [stream]
[debug] [2026-03-10T11:38:07.340Z] >>> [apiv2][query] POST https://upload-firebasehosting.googleapis.com/upload/sites/ajm-digital-solution/versions/c6aecbaeaf64b8d2/files/974a87813edab226f43ee55ed8d3da5fbb4095100c1c5f6c562b7279a4d93778 [none]
[debug] [2026-03-10T11:38:07.340Z] >>> [apiv2][body] POST https://upload-firebasehosting.googleapis.com/upload/sites/ajm-digital-solution/versions/c6aecbaeaf64b8d2/files/974a87813edab226f43ee55ed8d3da5fbb4095100c1c5f6c562b7279a4d93778 [stream]
[debug] [2026-03-10T11:38:07.342Z] >>> [apiv2][query] POST https://upload-firebasehosting.googleapis.com/upload/sites/ajm-digital-solution/versions/c6aecbaeaf64b8d2/files/6e0d0c5b1623f3aff0ef567adafb476d4cb9394ecae0471c1baf01d68ff6e8e1 [none]
[debug] [2026-03-10T11:38:07.343Z] >>> [apiv2][body] POST https://upload-firebasehosting.googleapis.com/upload/sites/ajm-digital-solution/versions/c6aecbaeaf64b8d2/files/6e0d0c5b1623f3aff0ef567adafb476d4cb9394ecae0471c1baf01d68ff6e8e1 [stream]
[debug] [2026-03-10T11:38:07.345Z] [hosting][populate queue][FINAL] {"max":1562,"min":1562,"avg":1562,"active":0,"complete":1,"success":1,"errored":0,"retried":0,"total":1,"elapsed":1607}
[debug] [2026-03-10T11:38:07.346Z] [hosting] uploads queued: 15
[debug] [2026-03-10T11:38:09.026Z] <<< [apiv2][status] POST https://upload-firebasehosting.googleapis.com/upload/sites/ajm-digital-solution/versions/c6aecbaeaf64b8d2/files/eaf6d317472f1853177694b5cc5a4edea749e8b3f6ae7c22ca58f047a8e3dac4 200
[debug] [2026-03-10T11:38:09.026Z] <<< [apiv2][body] POST https://upload-firebasehosting.googleapis.com/upload/sites/ajm-digital-solution/versions/c6aecbaeaf64b8d2/files/eaf6d317472f1853177694b5cc5a4edea749e8b3f6ae7c22ca58f047a8e3dac4 [stream]
[debug] [2026-03-10T11:38:09.043Z] <<< [apiv2][status] POST https://upload-firebasehosting.googleapis.com/upload/sites/ajm-digital-solution/versions/c6aecbaeaf64b8d2/files/a946dfe79c7c76e7c976dbcddaec61839dfd91d8d64010a994898bbce593d808 200
[debug] [2026-03-10T11:38:09.043Z] <<< [apiv2][body] POST https://upload-firebasehosting.googleapis.com/upload/sites/ajm-digital-solution/versions/c6aecbaeaf64b8d2/files/a946dfe79c7c76e7c976dbcddaec61839dfd91d8d64010a994898bbce593d808 [stream]
[debug] [2026-03-10T11:38:09.053Z] <<< [apiv2][status] POST https://upload-firebasehosting.googleapis.com/upload/sites/ajm-digital-solution/versions/c6aecbaeaf64b8d2/files/d39fb578467ab20642b923900666d3025e82f7278cbf31a3b5280e49458a2740 200
[debug] [2026-03-10T11:38:09.054Z] <<< [apiv2][body] POST https://upload-firebasehosting.googleapis.com/upload/sites/ajm-digital-solution/versions/c6aecbaeaf64b8d2/files/d39fb578467ab20642b923900666d3025e82f7278cbf31a3b5280e49458a2740 [stream]
[debug] [2026-03-10T11:38:09.064Z] <<< [apiv2][status] POST https://upload-firebasehosting.googleapis.com/upload/sites/ajm-digital-solution/versions/c6aecbaeaf64b8d2/files/7f4e09d69be29d296a6f5e4f94013539e4713ddc6bd9f642cdaa2d2db6ffa5cc 200
[debug] [2026-03-10T11:38:09.064Z] <<< [apiv2][body] POST https://upload-firebasehosting.googleapis.com/upload/sites/ajm-digital-solution/versions/c6aecbaeaf64b8d2/files/7f4e09d69be29d296a6f5e4f94013539e4713ddc6bd9f642cdaa2d2db6ffa5cc [stream]
[debug] [2026-03-10T11:38:09.068Z] <<< [apiv2][status] POST https://upload-firebasehosting.googleapis.com/upload/sites/ajm-digital-solution/versions/c6aecbaeaf64b8d2/files/0aaf5505d688ae21328735334651d22ded1d39ac9b44c1feae4dd4901b148d3a 200
[debug] [2026-03-10T11:38:09.068Z] <<< [apiv2][body] POST https://upload-firebasehosting.googleapis.com/upload/sites/ajm-digital-solution/versions/c6aecbaeaf64b8d2/files/0aaf5505d688ae21328735334651d22ded1d39ac9b44c1feae4dd4901b148d3a [stream]
[debug] [2026-03-10T11:38:09.133Z] <<< [apiv2][status] POST https://upload-firebasehosting.googleapis.com/upload/sites/ajm-digital-solution/versions/c6aecbaeaf64b8d2/files/157d8ea72780e479b891b0591e57cbc2dbfc0c5bbdaccb5a30e83c3277314826 200
[debug] [2026-03-10T11:38:09.134Z] <<< [apiv2][body] POST https://upload-firebasehosting.googleapis.com/upload/sites/ajm-digital-solution/versions/c6aecbaeaf64b8d2/files/157d8ea72780e479b891b0591e57cbc2dbfc0c5bbdaccb5a30e83c3277314826 [stream]
[debug] [2026-03-10T11:38:09.157Z] <<< [apiv2][status] POST https://upload-firebasehosting.googleapis.com/upload/sites/ajm-digital-solution/versions/c6aecbaeaf64b8d2/files/16a49dabe0b9afbb372a140f73ded0afad58656622fdc1292726075312636316 200
[debug] [2026-03-10T11:38:09.157Z] <<< [apiv2][body] POST https://upload-firebasehosting.googleapis.com/upload/sites/ajm-digital-solution/versions/c6aecbaeaf64b8d2/files/16a49dabe0b9afbb372a140f73ded0afad58656622fdc1292726075312636316 [stream]
[debug] [2026-03-10T11:38:09.308Z] <<< [apiv2][status] POST https://upload-firebasehosting.googleapis.com/upload/sites/ajm-digital-solution/versions/c6aecbaeaf64b8d2/files/c31919e7a871497242a776d957a6b778327e5f122273166df8dad9587757621d 200
[debug] [2026-03-10T11:38:09.308Z] <<< [apiv2][body] POST https://upload-firebasehosting.googleapis.com/upload/sites/ajm-digital-solution/versions/c6aecbaeaf64b8d2/files/c31919e7a871497242a776d957a6b778327e5f122273166df8dad9587757621d [stream]
[debug] [2026-03-10T11:38:09.342Z] <<< [apiv2][status] POST https://upload-firebasehosting.googleapis.com/upload/sites/ajm-digital-solution/versions/c6aecbaeaf64b8d2/files/71499858458c0c3327325e7e35616b1695bcbd576a3c68b2913fb3bca6df7236 200
[debug] [2026-03-10T11:38:09.342Z] <<< [apiv2][body] POST https://upload-firebasehosting.googleapis.com/upload/sites/ajm-digital-solution/versions/c6aecbaeaf64b8d2/files/71499858458c0c3327325e7e35616b1695bcbd576a3c68b2913fb3bca6df7236 [stream]
[debug] [2026-03-10T11:38:09.480Z] <<< [apiv2][status] POST https://upload-firebasehosting.googleapis.com/upload/sites/ajm-digital-solution/versions/c6aecbaeaf64b8d2/files/6e0d0c5b1623f3aff0ef567adafb476d4cb9394ecae0471c1baf01d68ff6e8e1 200
[debug] [2026-03-10T11:38:09.480Z] <<< [apiv2][body] POST https://upload-firebasehosting.googleapis.com/upload/sites/ajm-digital-solution/versions/c6aecbaeaf64b8d2/files/6e0d0c5b1623f3aff0ef567adafb476d4cb9394ecae0471c1baf01d68ff6e8e1 [stream]
[debug] [2026-03-10T11:38:09.576Z] <<< [apiv2][status] POST https://upload-firebasehosting.googleapis.com/upload/sites/ajm-digital-solution/versions/c6aecbaeaf64b8d2/files/c6b3f42532d85fe2de0151a8acdf47aa0389cc07c71d30a0eb2e53ef4e5410cb 200
[debug] [2026-03-10T11:38:09.576Z] <<< [apiv2][body] POST https://upload-firebasehosting.googleapis.com/upload/sites/ajm-digital-solution/versions/c6aecbaeaf64b8d2/files/c6b3f42532d85fe2de0151a8acdf47aa0389cc07c71d30a0eb2e53ef4e5410cb [stream]
[debug] [2026-03-10T11:38:09.585Z] <<< [apiv2][status] POST https://upload-firebasehosting.googleapis.com/upload/sites/ajm-digital-solution/versions/c6aecbaeaf64b8d2/files/1126e1f519d80baec91bbac35478b18f23847d9f83a584d8c872b1ad85a7ad61 200
[debug] [2026-03-10T11:38:09.585Z] <<< [apiv2][body] POST https://upload-firebasehosting.googleapis.com/upload/sites/ajm-digital-solution/versions/c6aecbaeaf64b8d2/files/1126e1f519d80baec91bbac35478b18f23847d9f83a584d8c872b1ad85a7ad61 [stream]
[debug] [2026-03-10T11:38:09.692Z] <<< [apiv2][status] POST https://upload-firebasehosting.googleapis.com/upload/sites/ajm-digital-solution/versions/c6aecbaeaf64b8d2/files/f4b7c5bd60a95608b7a93b778822edef0a603f969f1ac9b8fd3299ed8ddec4cc 200
[debug] [2026-03-10T11:38:09.692Z] <<< [apiv2][body] POST https://upload-firebasehosting.googleapis.com/upload/sites/ajm-digital-solution/versions/c6aecbaeaf64b8d2/files/f4b7c5bd60a95608b7a93b778822edef0a603f969f1ac9b8fd3299ed8ddec4cc [stream]
[debug] [2026-03-10T11:38:09.948Z] <<< [apiv2][status] POST https://upload-firebasehosting.googleapis.com/upload/sites/ajm-digital-solution/versions/c6aecbaeaf64b8d2/files/974a87813edab226f43ee55ed8d3da5fbb4095100c1c5f6c562b7279a4d93778 200
[debug] [2026-03-10T11:38:09.948Z] <<< [apiv2][body] POST https://upload-firebasehosting.googleapis.com/upload/sites/ajm-digital-solution/versions/c6aecbaeaf64b8d2/files/974a87813edab226f43ee55ed8d3da5fbb4095100c1c5f6c562b7279a4d93778 [stream]
[debug] [2026-03-10T11:38:10.062Z] <<< [apiv2][status] POST https://upload-firebasehosting.googleapis.com/upload/sites/ajm-digital-solution/versions/c6aecbaeaf64b8d2/files/dd5b86d681787a1b93bc27eedd9109b0d0789f78866d7148768936c1988000b3 200
[debug] [2026-03-10T11:38:10.062Z] <<< [apiv2][body] POST https://upload-firebasehosting.googleapis.com/upload/sites/ajm-digital-solution/versions/c6aecbaeaf64b8d2/files/dd5b86d681787a1b93bc27eedd9109b0d0789f78866d7148768936c1988000b3 [stream]
[debug] [2026-03-10T11:38:10.062Z] [hosting][upload queue][FINAL] {"max":2767,"min":1733,"avg":2073.5333333333333,"active":0,"complete":15,"success":15,"errored":0,"retried":0,"total":15,"elapsed":2770}
[info] +  hosting[ajm-digital-solution]: file upload complete 
[debug] [2026-03-10T11:38:10.064Z] [hosting] deploy completed after 4480ms
[debug] [2026-03-10T11:38:10.065Z] [rules] releasing cloud.firestore/(default) with ruleset projects/ajm-digital-solution/rulesets/09e8a582-64a2-4bd4-aeaf-822f9a74d7c9
[debug] [2026-03-10T11:38:10.066Z] Checked if tokens are valid: true, expires at: 1773145664700
[debug] [2026-03-10T11:38:10.066Z] Checked if tokens are valid: true, expires at: 1773145664700
[debug] [2026-03-10T11:38:10.066Z] >>> [apiv2][query] PATCH https://firebaserules.googleapis.com/v1/projects/ajm-digital-solution/releases/cloud.firestore/(default) [none]
[debug] [2026-03-10T11:38:10.066Z] >>> [apiv2][body] PATCH https://firebaserules.googleapis.com/v1/projects/ajm-digital-solution/releases/cloud.firestore/(default) {"release":{"name":"projects/ajm-digital-solution/releases/cloud.firestore/(default)","rulesetName":"projects/ajm-digital-solution/rulesets/09e8a582-64a2-4bd4-aeaf-822f9a74d7c9"}}
[debug] [2026-03-10T11:38:10.639Z] <<< [apiv2][status] PATCH https://firebaserules.googleapis.com/v1/projects/ajm-digital-solution/releases/cloud.firestore/(default) 200
[debug] [2026-03-10T11:38:10.640Z] <<< [apiv2][body] PATCH https://firebaserules.googleapis.com/v1/projects/ajm-digital-solution/releases/cloud.firestore/(default) {"name":"projects/ajm-digital-solution/releases/cloud.firestore","rulesetName":"projects/ajm-digital-solution/rulesets/09e8a582-64a2-4bd4-aeaf-822f9a74d7c9","createTime":"2026-02-10T08:10:45.435009Z","updateTime":"2026-03-10T11:38:10.373994Z"}
[debug] [2026-03-10T11:38:10.640Z] [rules] updated release projects/ajm-digital-solution/releases/cloud.firestore
[info] +  firestore: released rules firestore.rules to cloud.firestore 
[debug] [2026-03-10T11:38:10.640Z] [
  {
    "config": {
      "public": "out",
      "cleanUrls": true,
      "trailingSlash": true,
      "ignore": [
        "firebase.json",
        "**/.*",
        "**/node_modules/**"
      ],
      "site": "ajm-digital-solution"
    },
    "version": "projects/683886653976/sites/ajm-digital-solution/versions/c6aecbaeaf64b8d2"
  }
]
[info] i  hosting[ajm-digital-solution]: finalizing version... 
[debug] [2026-03-10T11:38:10.641Z] Checked if tokens are valid: true, expires at: 1773145664700
[debug] [2026-03-10T11:38:10.641Z] Checked if tokens are valid: true, expires at: 1773145664700
[debug] [2026-03-10T11:38:10.642Z] >>> [apiv2][query] PATCH https://firebasehosting.googleapis.com/v1beta1/projects/-/sites/ajm-digital-solution/versions/c6aecbaeaf64b8d2 updateMask=status%2Cconfig
[debug] [2026-03-10T11:38:10.642Z] >>> [apiv2][body] PATCH https://firebasehosting.googleapis.com/v1beta1/projects/-/sites/ajm-digital-solution/versions/c6aecbaeaf64b8d2 {"status":"FINALIZED","config":{"cleanUrls":true,"trailingSlashBehavior":"ADD"}}
[debug] [2026-03-10T11:38:12.310Z] <<< [apiv2][status] PATCH https://firebasehosting.googleapis.com/v1beta1/projects/-/sites/ajm-digital-solution/versions/c6aecbaeaf64b8d2 200
[debug] [2026-03-10T11:38:12.311Z] <<< [apiv2][body] PATCH https://firebasehosting.googleapis.com/v1beta1/projects/-/sites/ajm-digital-solution/versions/c6aecbaeaf64b8d2 {"name":"projects/683886653976/sites/ajm-digital-solution/versions/c6aecbaeaf64b8d2","status":"FINALIZED","config":{"cleanUrls":true,"trailingSlashBehavior":"ADD"},"labels":{"deployment-tool":"cli-firebase"},"createTime":"2026-03-10T11:38:02.440624Z","createUser":{"email":"josefmarie123@gmail.com"},"finalizeTime":"2026-03-10T11:38:11.970055Z","finalizeUser":{"email":"josefmarie123@gmail.com"}}
[debug] [2026-03-10T11:38:12.311Z] [hosting] finalized version for ajm-digital-solution:[object Object]
[info] +  hosting[ajm-digital-solution]: version finalized 
[info] i  hosting[ajm-digital-solution]: releasing new version... 
[debug] [2026-03-10T11:38:12.312Z] Checked if tokens are valid: true, expires at: 1773145664700
[debug] [2026-03-10T11:38:12.312Z] Checked if tokens are valid: true, expires at: 1773145664700
[debug] [2026-03-10T11:38:12.312Z] >>> [apiv2][query] POST https://firebasehosting.googleapis.com/v1beta1/projects/-/sites/ajm-digital-solution/channels/live/releases versionName=projects%2F683886653976%2Fsites%2Fajm-digital-solution%2Fversions%2Fc6aecbaeaf64b8d2
[debug] [2026-03-10T11:38:12.312Z] >>> [apiv2][body] POST https://firebasehosting.googleapis.com/v1beta1/projects/-/sites/ajm-digital-solution/channels/live/releases {}
[debug] [2026-03-10T11:38:14.242Z] <<< [apiv2][status] POST https://firebasehosting.googleapis.com/v1beta1/projects/-/sites/ajm-digital-solution/channels/live/releases 200
[debug] [2026-03-10T11:38:14.242Z] <<< [apiv2][body] POST https://firebasehosting.googleapis.com/v1beta1/projects/-/sites/ajm-digital-solution/channels/live/releases {"name":"projects/683886653976/sites/ajm-digital-solution/channels/live/releases/1773142692800000","version":{"name":"projects/683886653976/sites/ajm-digital-solution/versions/c6aecbaeaf64b8d2","status":"FINALIZED","config":{"cleanUrls":true,"trailingSlashBehavior":"ADD"},"labels":{"deployment-tool":"cli-firebase"},"createTime":"2026-03-10T11:38:02.440624Z","createUser":{"email":"josefmarie123@gmail.com","imageUrl":"https://lh3.googleusercontent.com/a/ACg8ocLHL-iZN8e72S-Uz6gXJe1CRCJi7rUdmRDtxl0-AS09QLC7uGY"},"finalizeTime":"2026-03-10T11:38:11.970055Z","finalizeUser":{"email":"josefmarie123@gmail.com","imageUrl":"https://lh3.googleusercontent.com/a/ACg8ocLHL-iZN8e72S-Uz6gXJe1CRCJi7rUdmRDtxl0-AS09QLC7uGY"}},"type":"DEPLOY","releaseTime":"2026-03-10T11:38:12.800Z","releaseUser":{"email":"josefmarie123@gmail.com","imageUrl":"https://lh3.googleusercontent.com/a/ACg8ocLHL-iZN8e72S-Uz6gXJe1CRCJi7rUdmRDtxl0-AS09QLC7uGY"}}
[debug] [2026-03-10T11:38:14.242Z] [hosting] release: {"name":"projects/683886653976/sites/ajm-digital-solution/channels/live/releases/1773142692800000","version":{"name":"projects/683886653976/sites/ajm-digital-solution/versions/c6aecbaeaf64b8d2","status":"FINALIZED","config":{"cleanUrls":true,"trailingSlashBehavior":"ADD"},"labels":{"deployment-tool":"cli-firebase"},"createTime":"2026-03-10T11:38:02.440624Z","createUser":{"email":"josefmarie123@gmail.com","imageUrl":"https://lh3.googleusercontent.com/a/ACg8ocLHL-iZN8e72S-Uz6gXJe1CRCJi7rUdmRDtxl0-AS09QLC7uGY"},"finalizeTime":"2026-03-10T11:38:11.970055Z","finalizeUser":{"email":"josefmarie123@gmail.com","imageUrl":"https://lh3.googleusercontent.com/a/ACg8ocLHL-iZN8e72S-Uz6gXJe1CRCJi7rUdmRDtxl0-AS09QLC7uGY"}},"type":"DEPLOY","releaseTime":"2026-03-10T11:38:12.800Z","releaseUser":{"email":"josefmarie123@gmail.com","imageUrl":"https://lh3.googleusercontent.com/a/ACg8ocLHL-iZN8e72S-Uz6gXJe1CRCJi7rUdmRDtxl0-AS09QLC7uGY"}}
[info] +  hosting[ajm-digital-solution]: release complete 
[info] 
[info] +  Deploy complete! 
[info] 
[info] Project Console: https://console.firebase.google.com/project/ajm-digital-solution/overview
[info] Hosting URL: https://ajm-digital-solution.web.app
